<?xml version="1.0" encoding="UTF-8"?>
<!-- Generated by org.testng.reporters.JUnitReportReporter -->
<testsuite hostname="Natasha" failures="0" tests="1" name="website1.TS_Register.TC_RF_001" time="18.240" errors="0" timestamp="2025-07-07T15:17:01 SAST" skipped="0">
  <testcase classname="website1.TS_Register.TC_RF_001" name="verifyRegisteringWithMandatoryFields" time="18.240"/>
</testsuite> <!-- website1.TS_Register.TC_RF_001 -->
