<?xml version="1.0" encoding="UTF-8"?>
<!-- Generated by org.testng.reporters.JUnitReportReporter -->
<testsuite hostname="Natasha" failures="0" tests="1" name="website1.TS_Register.TC_RF_001" time="34.835" errors="0" timestamp="2025-07-01T14:05:10 SAST" skipped="0">
  <testcase classname="website1.TS_Register.TC_RF_001" name="verifyRegisteringWithMandatoryFields" time="34.835"/>
</testsuite> <!-- website1.TS_Register.TC_RF_001 -->
