<?xml version="1.0" encoding="UTF-8"?>
<!-- Generated by org.testng.reporters.JUnitReportReporter -->
<testsuite hostname="Natasha" failures="0" tests="1" name="tutorialsInJava.register.TC_RF_001" time="10.423" errors="0" timestamp="2025-05-14T14:30:40 SAST" skipped="0">
  <testcase classname="tutorialsInJava.register.TC_RF_001" name="verifyRegisteringWithMandatoryFields" time="10.423"/>
</testsuite> <!-- tutorialsInJava.register.TC_RF_001 -->
